c:\school\studio-project-3-sili\app\debug\vc142.pdb
c:\school\studio-project-3-sili\app\debug\vc142.idb
c:\school\studio-project-3-sili\app\debug\inventorymanager.obj
c:\school\studio-project-3-sili\app\debug\inventoryitem.obj
c:\school\studio-project-3-sili\app\debug\gui_scene2d.obj
c:\school\studio-project-3-sili\app\debug\gamemanager.obj
c:\school\studio-project-3-sili\app\debug\enemywarrior.obj
c:\school\studio-project-3-sili\app\debug\enemyfalseknight.obj
c:\school\studio-project-3-sili\app\debug\enemycrawlid.obj
c:\school\studio-project-3-sili\app\debug\enemy2d.obj
c:\school\studio-project-3-sili\app\debug\camera.obj
c:\school\studio-project-3-sili\app\debug\backgroundentity.obj
c:\school\studio-project-3-sili\app\debug\main.obj
c:\school\studio-project-3-sili\app\debug\winstate.obj
c:\school\studio-project-3-sili\app\debug\playgamestate.obj
c:\school\studio-project-3-sili\app\debug\pausestate.obj
c:\school\studio-project-3-sili\app\debug\optionsstate.obj
c:\school\studio-project-3-sili\app\debug\menustate.obj
c:\school\studio-project-3-sili\app\debug\losestate.obj
c:\school\studio-project-3-sili\app\debug\introstate.obj
c:\school\studio-project-3-sili\app\debug\gamestatemanager.obj
c:\school\studio-project-3-sili\app\debug\application.obj
c:\school\studio-project-3-sili\app\debug\soundinfo.obj
c:\school\studio-project-3-sili\app\debug\soundcontroller.obj
c:\school\studio-project-3-sili\app\debug\scene2d.obj
c:\school\studio-project-3-sili\app\debug\player2d.obj
c:\school\studio-project-3-sili\app\debug\physics2d.obj
c:\school\studio-project-3-sili\app\debug\map2d.obj
c:\school\studio-project-3-sili\debug\app.exe
c:\school\studio-project-3-sili\app\debug\app.ilk
c:\school\studio-project-3-sili\debug\app.pdb
c:\school\studio-project-3-sili\app\debug\app.tlog\cl.command.1.tlog
c:\school\studio-project-3-sili\app\debug\app.tlog\cl.read.1.tlog
c:\school\studio-project-3-sili\app\debug\app.tlog\cl.write.1.tlog
c:\school\studio-project-3-sili\app\debug\app.tlog\link.command.1.tlog
c:\school\studio-project-3-sili\app\debug\app.tlog\link.read.1.tlog
c:\school\studio-project-3-sili\app\debug\app.tlog\link.write.1.tlog
