  EnemySawCon.cpp
C:\School\Studio-Project-3-SILI\App\Source\Scene2D\EnemySawCon.cpp(394,79): warning C4244: 'argument': conversion from 'T' to 'const int', possible loss of data
          with
          [
              T=float
          ]
C:\School\Studio-Project-3-SILI\App\Source\Scene2D\EnemySawCon.cpp(395,79): warning C4244: 'argument': conversion from 'T' to 'const int', possible loss of data
          with
          [
              T=float
          ]
C:\School\Studio-Project-3-SILI\App\Source\Scene2D\EnemySawCon.cpp(479,22): warning C4244: '=': conversion from 'const int' to 'T', possible loss of data
          with
          [
              T=float
          ]
C:\School\Studio-Project-3-SILI\App\Source\Scene2D\EnemySawCon.cpp(480,22): warning C4244: '=': conversion from 'const int' to 'T', possible loss of data
          with
          [
              T=float
          ]
C:\School\Studio-Project-3-SILI\App\Source\Scene2D\EnemySawCon.cpp(490,33): warning C4244: '=': conversion from 'const int' to 'T', possible loss of data
          with
          [
              T=float
          ]
C:\School\Studio-Project-3-SILI\App\Source\Scene2D\EnemySawCon.cpp(491,33): warning C4244: '=': conversion from 'const int' to 'T', possible loss of data
          with
          [
              T=float
          ]
C:\School\Studio-Project-3-SILI\App\Source\Scene2D\EnemySawCon.cpp(525,52): warning C4244: '=': conversion from 'int' to 'T', possible loss of data
          with
          [
              T=float
          ]
C:\School\Studio-Project-3-SILI\App\Source\Scene2D\EnemySawCon.cpp(533,52): warning C4244: '=': conversion from 'int' to 'T', possible loss of data
          with
          [
              T=float
          ]
C:\School\Studio-Project-3-SILI\App\Source\Scene2D\EnemySawCon.cpp(563,49): warning C4244: 'argument': conversion from 'T' to 'const unsigned int', possible loss of data
          with
          [
              T=float
          ]
C:\School\Studio-Project-3-SILI\App\Source\Scene2D\EnemySawCon.cpp(563,36): warning C4244: 'argument': conversion from 'T' to 'const unsigned int', possible loss of data
          with
          [
              T=float
          ]
C:\School\Studio-Project-3-SILI\App\Source\Scene2D\EnemySawCon.cpp(572,50): warning C4244: 'argument': conversion from 'T' to 'const unsigned int', possible loss of data
          with
          [
              T=float
          ]
C:\School\Studio-Project-3-SILI\App\Source\Scene2D\EnemySawCon.cpp(572,37): warning C4244: 'argument': conversion from 'T' to 'const unsigned int', possible loss of data
          with
          [
              T=float
          ]
C:\School\Studio-Project-3-SILI\App\Source\Scene2D\EnemySawCon.cpp(573,51): warning C4244: 'argument': conversion from 'T' to 'const unsigned int', possible loss of data
          with
          [
              T=float
          ]
C:\School\Studio-Project-3-SILI\App\Source\Scene2D\EnemySawCon.cpp(573,37): warning C4244: 'argument': conversion from 'T' to 'const unsigned int', possible loss of data
          with
          [
              T=float
          ]
C:\School\Studio-Project-3-SILI\App\Source\Scene2D\EnemySawCon.cpp(592,52): warning C4244: 'argument': conversion from 'T' to 'const unsigned int', possible loss of data
          with
          [
              T=float
          ]
C:\School\Studio-Project-3-SILI\App\Source\Scene2D\EnemySawCon.cpp(592,36): warning C4244: 'argument': conversion from 'T' to 'const unsigned int', possible loss of data
          with
          [
              T=float
          ]
C:\School\Studio-Project-3-SILI\App\Source\Scene2D\EnemySawCon.cpp(601,53): warning C4244: 'argument': conversion from 'T' to 'const unsigned int', possible loss of data
          with
          [
              T=float
          ]
C:\School\Studio-Project-3-SILI\App\Source\Scene2D\EnemySawCon.cpp(601,37): warning C4244: 'argument': conversion from 'T' to 'const unsigned int', possible loss of data
          with
          [
              T=float
          ]
C:\School\Studio-Project-3-SILI\App\Source\Scene2D\EnemySawCon.cpp(602,54): warning C4244: 'argument': conversion from 'T' to 'const unsigned int', possible loss of data
          with
          [
              T=float
          ]
C:\School\Studio-Project-3-SILI\App\Source\Scene2D\EnemySawCon.cpp(602,37): warning C4244: 'argument': conversion from 'T' to 'const unsigned int', possible loss of data
          with
          [
              T=float
          ]
C:\School\Studio-Project-3-SILI\App\Source\Scene2D\EnemySawCon.cpp(622,53): warning C4244: 'argument': conversion from 'T' to 'const unsigned int', possible loss of data
          with
          [
              T=float
          ]
C:\School\Studio-Project-3-SILI\App\Source\Scene2D\EnemySawCon.cpp(622,39): warning C4244: 'argument': conversion from 'T' to 'const unsigned int', possible loss of data
          with
          [
              T=float
          ]
C:\School\Studio-Project-3-SILI\App\Source\Scene2D\EnemySawCon.cpp(631,54): warning C4244: 'argument': conversion from 'T' to 'const unsigned int', possible loss of data
          with
          [
              T=float
          ]
C:\School\Studio-Project-3-SILI\App\Source\Scene2D\EnemySawCon.cpp(631,40): warning C4244: 'argument': conversion from 'T' to 'const unsigned int', possible loss of data
          with
          [
              T=float
          ]
C:\School\Studio-Project-3-SILI\App\Source\Scene2D\EnemySawCon.cpp(632,54): warning C4244: 'argument': conversion from 'T' to 'const unsigned int', possible loss of data
          with
          [
              T=float
          ]
C:\School\Studio-Project-3-SILI\App\Source\Scene2D\EnemySawCon.cpp(632,37): warning C4244: 'argument': conversion from 'T' to 'const unsigned int', possible loss of data
          with
          [
              T=float
          ]
C:\School\Studio-Project-3-SILI\App\Source\Scene2D\EnemySawCon.cpp(644,49): warning C4244: 'argument': conversion from 'T' to 'const unsigned int', possible loss of data
          with
          [
              T=float
          ]
C:\School\Studio-Project-3-SILI\App\Source\Scene2D\EnemySawCon.cpp(644,36): warning C4244: 'argument': conversion from 'T' to 'const unsigned int', possible loss of data
          with
          [
              T=float
          ]
C:\School\Studio-Project-3-SILI\App\Source\Scene2D\EnemySawCon.cpp(653,50): warning C4244: 'argument': conversion from 'T' to 'const unsigned int', possible loss of data
          with
          [
              T=float
          ]
C:\School\Studio-Project-3-SILI\App\Source\Scene2D\EnemySawCon.cpp(653,37): warning C4244: 'argument': conversion from 'T' to 'const unsigned int', possible loss of data
          with
          [
              T=float
          ]
C:\School\Studio-Project-3-SILI\App\Source\Scene2D\EnemySawCon.cpp(654,50): warning C4244: 'argument': conversion from 'T' to 'const unsigned int', possible loss of data
          with
          [
              T=float
          ]
C:\School\Studio-Project-3-SILI\App\Source\Scene2D\EnemySawCon.cpp(654,34): warning C4244: 'argument': conversion from 'T' to 'const unsigned int', possible loss of data
          with
          [
              T=float
          ]
C:\School\Studio-Project-3-SILI\App\Source\Scene2D\EnemySawCon.cpp(735,34): warning C4244: '=': conversion from 'int' to 'T', possible loss of data
          with
          [
              T=float
          ]
C:\School\Studio-Project-3-SILI\App\Source\Scene2D\EnemySawCon.cpp(736,34): warning C4244: '=': conversion from 'int' to 'T', possible loss of data
          with
          [
              T=float
          ]
C:\School\Studio-Project-3-SILI\App\Source\Scene2D\EnemySawCon.cpp(807,34): warning C4244: 'initializing': conversion from 'T' to 'int', possible loss of data
          with
          [
              T=float
          ]
C:\School\Studio-Project-3-SILI\App\Source\Scene2D\EnemySawCon.cpp(807,23): warning C4244: 'initializing': conversion from 'T' to 'const int', possible loss of data
          with
          [
              T=float
          ]
C:\School\Studio-Project-3-SILI\App\Source\Scene2D\EnemySawCon.cpp(810,43): warning C4244: '-=': conversion from 'double' to 'T', possible loss of data
          with
          [
              T=float
          ]
C:\School\Studio-Project-3-SILI\App\Source\Scene2D\EnemySawCon.cpp(813,73): warning C4244: '=': conversion from 'int' to 'T', possible loss of data
          with
          [
              T=float
          ]
C:\School\Studio-Project-3-SILI\App\Source\Scene2D\EnemySawCon.cpp(845,34): warning C4244: 'initializing': conversion from 'T' to 'int', possible loss of data
          with
          [
              T=float
          ]
C:\School\Studio-Project-3-SILI\App\Source\Scene2D\EnemySawCon.cpp(845,23): warning C4244: 'initializing': conversion from 'T' to 'const int', possible loss of data
          with
          [
              T=float
          ]
C:\School\Studio-Project-3-SILI\App\Source\Scene2D\EnemySawCon.cpp(848,43): warning C4244: '+=': conversion from 'double' to 'T', possible loss of data
          with
          [
              T=float
          ]
C:\School\Studio-Project-3-SILI\App\Source\Scene2D\EnemySawCon.cpp(884,34): warning C4244: 'initializing': conversion from 'T' to 'int', possible loss of data
          with
          [
              T=float
          ]
C:\School\Studio-Project-3-SILI\App\Source\Scene2D\EnemySawCon.cpp(884,23): warning C4244: 'initializing': conversion from 'T' to 'const int', possible loss of data
          with
          [
              T=float
          ]
C:\School\Studio-Project-3-SILI\App\Source\Scene2D\EnemySawCon.cpp(887,43): warning C4244: '+=': conversion from 'double' to 'T', possible loss of data
          with
          [
              T=float
          ]
C:\School\Studio-Project-3-SILI\App\Source\Scene2D\EnemySawCon.cpp(913,34): warning C4244: 'initializing': conversion from 'T' to 'int', possible loss of data
          with
          [
              T=float
          ]
C:\School\Studio-Project-3-SILI\App\Source\Scene2D\EnemySawCon.cpp(913,23): warning C4244: 'initializing': conversion from 'T' to 'const int', possible loss of data
          with
          [
              T=float
          ]
C:\School\Studio-Project-3-SILI\App\Source\Scene2D\EnemySawCon.cpp(916,43): warning C4244: '-=': conversion from 'double' to 'T', possible loss of data
          with
          [
              T=float
          ]
C:\School\Studio-Project-3-SILI\App\Source\Scene2D\EnemySawCon.cpp(919,73): warning C4244: '=': conversion from 'int' to 'T', possible loss of data
          with
          [
              T=float
          ]
  App.vcxproj -> C:\School\Studio-Project-3-SILI\Debug\App.exe
